<?xml version="1.0" encoding="UTF-8"?>
<coverage generated="1689770932484" clover="3.2.0">
  <project timestamp="1689770932484" name="All files">
    <metrics statements="22" coveredstatements="22" conditionals="9" coveredconditionals="9" methods="3" coveredmethods="3" elements="34" coveredelements="34" complexity="0" loc="22" ncloc="22" packages="1" files="1" classes="1"/>
    <file name="server.js" path="/Users/makers/database-server-tech-test/server.js">
      <metrics statements="22" coveredstatements="22" conditionals="9" coveredconditionals="9" methods="3" coveredmethods="3"/>
      <line num="1" count="1" type="stmt"/>
      <line num="2" count="1" type="stmt"/>
      <line num="3" count="1" type="stmt"/>
      <line num="4" count="1" type="stmt"/>
      <line num="6" count="1" type="stmt"/>
      <line num="7" count="6" type="stmt"/>
      <line num="8" count="6" type="stmt"/>
      <line num="10" count="6" type="cond" truecount="4" falsecount="0"/>
      <line num="18" count="1" type="stmt"/>
      <line num="19" count="4" type="stmt"/>
      <line num="20" count="4" type="stmt"/>
      <line num="21" count="4" type="stmt"/>
      <line num="22" count="4" type="cond" truecount="3" falsecount="0"/>
      <line num="24" count="2" type="stmt"/>
      <line num="25" count="2" type="stmt"/>
      <line num="27" count="1" type="stmt"/>
      <line num="28" count="1" type="stmt"/>
      <line num="30" count="1" type="stmt"/>
      <line num="31" count="1" type="stmt"/>
      <line num="35" count="1" type="stmt"/>
      <line num="36" count="1" type="stmt"/>
      <line num="39" count="1" type="stmt"/>
    </file>
  </project>
</coverage>
